<?xml version="1.0" encoding="UTF-8"?>
<!-- Generated by org.testng.reporters.JUnitXMLReporter -->
<testsuite ignored="0" hostname="DESKTOP-2H052U4" failures="0" tests="3" name="Test" time="41.997" errors="0" timestamp="2022-09-19T14:07:59 IST">
  <testcase classname="Test_case.simplilearnlogin" name="Test1" time="8.088"/>
  <testcase classname="Test_case.simplilearnlogin" name="Test2" time="6.592"/>
  <testcase classname="Test_case.simplilearnlogin" name="Test3" time="9.084"/>
</testsuite> <!-- Test -->
