<?xml version="1.0" encoding="UTF-8"?>
<testng-results skipped="0" failed="0" ignored="0" total="1" passed="1">
  <reporter-output>
  </reporter-output>
  <suite name="Test_case.homeTest" duration-ms="13938" started-at="2022-09-18T12:08:49 IST" finished-at="2022-09-18T12:09:03 IST">
    <groups>
    </groups>
    <test name="Command line test" duration-ms="13938" started-at="2022-09-18T12:08:49 IST" finished-at="2022-09-18T12:09:03 IST">
      <class name="Test_case.homeTest">
        <test-method status="PASS" signature="DataSetUp()[pri:0, instance:Test_case.homeTest@578486a3]" name="DataSetUp" is-config="true" duration-ms="2750" started-at="2022-09-18T12:08:49 IST" finished-at="2022-09-18T12:08:52 IST">
          <reporter-output>
          </reporter-output>
        </test-method> <!-- DataSetUp -->
        <test-method status="PASS" signature="SetUp(java.lang.reflect.Method)[pri:0, instance:Test_case.homeTest@578486a3]" name="SetUp" is-config="true" duration-ms="10195" started-at="2022-09-18T12:08:52 IST" finished-at="2022-09-18T12:09:02 IST">
          <params>
            <param index="0">
              <value>
                <![CDATA[public void Test_case.homeTest.Test1()]]>
              </value>
            </param>
          </params>
          <reporter-output>
          </reporter-output>
        </test-method> <!-- SetUp -->
        <test-method status="PASS" signature="Test1()[pri:0, instance:Test_case.homeTest@578486a3]" name="Test1" duration-ms="4" started-at="2022-09-18T12:09:02 IST" finished-at="2022-09-18T12:09:02 IST">
          <reporter-output>
          </reporter-output>
        </test-method> <!-- Test1 -->
        <test-method status="PASS" signature="TearDown()[pri:0, instance:Test_case.homeTest@578486a3]" name="TearDown" is-config="true" duration-ms="185" started-at="2022-09-18T12:09:02 IST" finished-at="2022-09-18T12:09:02 IST">
          <reporter-output>
          </reporter-output>
        </test-method> <!-- TearDown -->
        <test-method status="PASS" signature="dataClean()[pri:0, instance:Test_case.homeTest@578486a3]" name="dataClean" is-config="true" duration-ms="676" started-at="2022-09-18T12:09:02 IST" finished-at="2022-09-18T12:09:03 IST">
          <reporter-output>
          </reporter-output>
        </test-method> <!-- dataClean -->
      </class> <!-- Test_case.homeTest -->
    </test> <!-- Command line test -->
  </suite> <!-- Test_case.homeTest -->
</testng-results>
