<?xml version="1.0" encoding="UTF-8"?>
<testng-results ignored="0" total="3" passed="3" failed="0" skipped="0">
  <reporter-output>
  </reporter-output>
  <suite started-at="2022-09-18T10:54:51 IST" name="Suite" finished-at="2022-09-18T10:56:04 IST" duration-ms="72189">
    <groups>
    </groups>
    <test started-at="2022-09-18T10:54:51 IST" name="Test" finished-at="2022-09-18T10:56:04 IST" duration-ms="72189">
      <class name="Test_case.simplilearnlogin">
        <test-method is-config="true" signature="DataSetUp()[pri:0, instance:Test_case.simplilearnlogin@614ca7df]" started-at="2022-09-18T10:54:52 IST" name="DataSetUp" finished-at="2022-09-18T10:54:56 IST" duration-ms="4745" status="PASS">
          <reporter-output>
          </reporter-output>
        </test-method> <!-- DataSetUp -->
        <test-method is-config="true" signature="SetUp(java.lang.reflect.Method)[pri:0, instance:Test_case.simplilearnlogin@614ca7df]" started-at="2022-09-18T10:54:56 IST" name="SetUp" finished-at="2022-09-18T10:55:06 IST" duration-ms="9143" status="PASS">
          <params>
            <param index="0">
              <value>
                <![CDATA[public void Test_case.simplilearnlogin.Test1()]]>
              </value>
            </param>
          </params>
          <reporter-output>
          </reporter-output>
        </test-method> <!-- SetUp -->
        <test-method signature="Test1()[pri:0, instance:Test_case.simplilearnlogin@614ca7df]" started-at="2022-09-18T10:55:06 IST" name="Test1" finished-at="2022-09-18T10:55:20 IST" duration-ms="14736" status="PASS">
          <reporter-output>
          </reporter-output>
        </test-method> <!-- Test1 -->
        <test-method is-config="true" signature="TearDown()[pri:0, instance:Test_case.simplilearnlogin@614ca7df]" started-at="2022-09-18T10:55:20 IST" name="TearDown" finished-at="2022-09-18T10:55:21 IST" duration-ms="307" status="PASS">
          <reporter-output>
          </reporter-output>
        </test-method> <!-- TearDown -->
        <test-method is-config="true" signature="SetUp(java.lang.reflect.Method)[pri:0, instance:Test_case.simplilearnlogin@614ca7df]" started-at="2022-09-18T10:55:21 IST" name="SetUp" finished-at="2022-09-18T10:55:26 IST" duration-ms="5469" status="PASS">
          <params>
            <param index="0">
              <value>
                <![CDATA[public void Test_case.simplilearnlogin.Test2(java.lang.String,java.lang.String)]]>
              </value>
            </param>
          </params>
          <reporter-output>
          </reporter-output>
        </test-method> <!-- SetUp -->
        <test-method signature="Test2(java.lang.String,java.lang.String)[pri:0, instance:Test_case.simplilearnlogin@614ca7df]" started-at="2022-09-18T10:55:26 IST" name="Test2" finished-at="2022-09-18T10:55:35 IST" duration-ms="8514" status="PASS">
          <params>
            <param index="0">
              <value>
                <![CDATA[abc@xyz.com]]>
              </value>
            </param>
            <param index="1">
              <value>
                <![CDATA[ABCD@123]]>
              </value>
            </param>
          </params>
          <reporter-output>
          </reporter-output>
        </test-method> <!-- Test2 -->
        <test-method is-config="true" signature="TearDown()[pri:0, instance:Test_case.simplilearnlogin@614ca7df]" started-at="2022-09-18T10:55:35 IST" name="TearDown" finished-at="2022-09-18T10:55:35 IST" duration-ms="129" status="PASS">
          <reporter-output>
          </reporter-output>
        </test-method> <!-- TearDown -->
        <test-method is-config="true" signature="SetUp(java.lang.reflect.Method)[pri:0, instance:Test_case.simplilearnlogin@614ca7df]" started-at="2022-09-18T10:55:35 IST" name="SetUp" finished-at="2022-09-18T10:55:40 IST" duration-ms="5489" status="PASS">
          <params>
            <param index="0">
              <value>
                <![CDATA[public void Test_case.simplilearnlogin.Test3()]]>
              </value>
            </param>
          </params>
          <reporter-output>
          </reporter-output>
        </test-method> <!-- SetUp -->
        <test-method signature="Test3()[pri:0, instance:Test_case.simplilearnlogin@614ca7df]" started-at="2022-09-18T10:55:40 IST" name="Test3" finished-at="2022-09-18T10:55:58 IST" duration-ms="17798" status="PASS">
          <reporter-output>
          </reporter-output>
        </test-method> <!-- Test3 -->
        <test-method is-config="true" signature="TearDown()[pri:0, instance:Test_case.simplilearnlogin@614ca7df]" started-at="2022-09-18T10:55:58 IST" name="TearDown" finished-at="2022-09-18T10:56:00 IST" duration-ms="1532" status="PASS">
          <reporter-output>
          </reporter-output>
        </test-method> <!-- TearDown -->
        <test-method is-config="true" signature="dataClean()[pri:0, instance:Test_case.simplilearnlogin@614ca7df]" started-at="2022-09-18T10:56:00 IST" name="dataClean" finished-at="2022-09-18T10:56:04 IST" duration-ms="4140" status="PASS">
          <reporter-output>
          </reporter-output>
        </test-method> <!-- dataClean -->
      </class> <!-- Test_case.simplilearnlogin -->
    </test> <!-- Test -->
  </suite> <!-- Suite -->
</testng-results>
