<?xml version="1.0" encoding="UTF-8"?>
<testng-results ignored="0" total="3" passed="3" failed="0" skipped="0">
  <reporter-output>
  </reporter-output>
  <suite started-at="2022-09-19T14:07:17 IST" name="Suite" finished-at="2022-09-19T14:07:59 IST" duration-ms="41997">
    <groups>
    </groups>
    <test started-at="2022-09-19T14:07:17 IST" name="Test" finished-at="2022-09-19T14:07:59 IST" duration-ms="41997">
      <class name="Test_case.simplilearnlogin">
        <test-method is-config="true" signature="DataSetUp()[pri:0, instance:Test_case.simplilearnlogin@614ca7df]" started-at="2022-09-19T14:07:17 IST" name="DataSetUp" finished-at="2022-09-19T14:07:18 IST" duration-ms="1545" status="PASS">
          <reporter-output>
          </reporter-output>
        </test-method> <!-- DataSetUp -->
        <test-method is-config="true" signature="SetUp(java.lang.reflect.Method)[pri:0, instance:Test_case.simplilearnlogin@614ca7df]" started-at="2022-09-19T14:07:18 IST" name="SetUp" finished-at="2022-09-19T14:07:25 IST" duration-ms="6607" status="PASS">
          <params>
            <param index="0">
              <value>
                <![CDATA[public void Test_case.simplilearnlogin.Test1()]]>
              </value>
            </param>
          </params>
          <reporter-output>
          </reporter-output>
        </test-method> <!-- SetUp -->
        <test-method signature="Test1()[pri:0, instance:Test_case.simplilearnlogin@614ca7df]" started-at="2022-09-19T14:07:25 IST" name="Test1" finished-at="2022-09-19T14:07:33 IST" duration-ms="8088" status="PASS">
          <reporter-output>
          </reporter-output>
        </test-method> <!-- Test1 -->
        <test-method is-config="true" signature="TearDown()[pri:0, instance:Test_case.simplilearnlogin@614ca7df]" started-at="2022-09-19T14:07:33 IST" name="TearDown" finished-at="2022-09-19T14:07:33 IST" duration-ms="108" status="PASS">
          <reporter-output>
          </reporter-output>
        </test-method> <!-- TearDown -->
        <test-method is-config="true" signature="SetUp(java.lang.reflect.Method)[pri:0, instance:Test_case.simplilearnlogin@614ca7df]" started-at="2022-09-19T14:07:33 IST" name="SetUp" finished-at="2022-09-19T14:07:36 IST" duration-ms="3335" status="PASS">
          <params>
            <param index="0">
              <value>
                <![CDATA[public void Test_case.simplilearnlogin.Test2(java.lang.String,java.lang.String)]]>
              </value>
            </param>
          </params>
          <reporter-output>
          </reporter-output>
        </test-method> <!-- SetUp -->
        <test-method signature="Test2(java.lang.String,java.lang.String)[pri:0, instance:Test_case.simplilearnlogin@614ca7df]" started-at="2022-09-19T14:07:36 IST" name="Test2" finished-at="2022-09-19T14:07:43 IST" duration-ms="6592" status="PASS">
          <params>
            <param index="0">
              <value>
                <![CDATA[abc@xyz.com]]>
              </value>
            </param>
            <param index="1">
              <value>
                <![CDATA[ABCD@123]]>
              </value>
            </param>
          </params>
          <reporter-output>
          </reporter-output>
        </test-method> <!-- Test2 -->
        <test-method is-config="true" signature="TearDown()[pri:0, instance:Test_case.simplilearnlogin@614ca7df]" started-at="2022-09-19T14:07:43 IST" name="TearDown" finished-at="2022-09-19T14:07:43 IST" duration-ms="606" status="PASS">
          <reporter-output>
          </reporter-output>
        </test-method> <!-- TearDown -->
        <test-method is-config="true" signature="SetUp(java.lang.reflect.Method)[pri:0, instance:Test_case.simplilearnlogin@614ca7df]" started-at="2022-09-19T14:07:43 IST" name="SetUp" finished-at="2022-09-19T14:07:48 IST" duration-ms="4804" status="PASS">
          <params>
            <param index="0">
              <value>
                <![CDATA[public void Test_case.simplilearnlogin.Test3()]]>
              </value>
            </param>
          </params>
          <reporter-output>
          </reporter-output>
        </test-method> <!-- SetUp -->
        <test-method signature="Test3()[pri:0, instance:Test_case.simplilearnlogin@614ca7df]" started-at="2022-09-19T14:07:48 IST" name="Test3" finished-at="2022-09-19T14:07:57 IST" duration-ms="9084" status="PASS">
          <reporter-output>
          </reporter-output>
        </test-method> <!-- Test3 -->
        <test-method is-config="true" signature="TearDown()[pri:0, instance:Test_case.simplilearnlogin@614ca7df]" started-at="2022-09-19T14:07:57 IST" name="TearDown" finished-at="2022-09-19T14:07:58 IST" duration-ms="158" status="PASS">
          <reporter-output>
          </reporter-output>
        </test-method> <!-- TearDown -->
        <test-method is-config="true" signature="dataClean()[pri:0, instance:Test_case.simplilearnlogin@614ca7df]" started-at="2022-09-19T14:07:58 IST" name="dataClean" finished-at="2022-09-19T14:07:59 IST" duration-ms="993" status="PASS">
          <reporter-output>
          </reporter-output>
        </test-method> <!-- dataClean -->
      </class> <!-- Test_case.simplilearnlogin -->
    </test> <!-- Test -->
  </suite> <!-- Suite -->
</testng-results>
